Using pre-set license
Built from '2020.2/release' branch; Version is '2020.2.4f1 (becced5a802b) revision 12504301'; Using compiler version '192528614'; Build Type 'Release'
OS: 'Windows 10 Pro; OS build 19042.1165; Version 2009; 64bit' Language: 'en' Physical Memory: 16115 MB
BatchMode: 1, IsHumanControllingUs: 0, StartBugReporterOnCrash: 0, Is64bit: 1, IsPro: 0

 COMMAND LINE ARGUMENTS:
C:\Program Files\Unity\Hub\Editor\2020.2.4f1\Editor\Unity.exe
-adb2
-batchMode
-noUpm
-name
AssetImportWorker0
-projectPath
C:/Users/lachl/Downloads/Lab Week 4 - Activity
-logFile
Logs/AssetImportWorker0.log
-srvPort
60752
Successfully changed project path to: C:/Users/lachl/Downloads/Lab Week 4 - Activity
C:/Users/lachl/Downloads/Lab Week 4 - Activity
Using Asset Import Pipeline V2.
Refreshing native plugins compatible for Editor in 20.38 ms, found 0 plugins.
Preloading 0 native plugins for Editor in 0.00 ms.
Initialize engine version: 2020.2.4f1 (becced5a802b)
[Subsystems] Discovering subsystems at path C:/Program Files/Unity/Hub/Editor/2020.2.4f1/Editor/Data/Resources/UnitySubsystems
[Subsystems] Discovering subsystems at path C:/Users/lachl/Downloads/Lab Week 4 - Activity/Assets
GfxDevice: creating device client; threaded=0
Direct3D:
    Version:  Direct3D 11.0 [level 11.1]
    Renderer: NVIDIA GeForce GTX 1050 Ti with Max-Q Design (ID=0x1c8c)
    Vendor:   
    VRAM:     4031 MB
    Driver:   23.21.13.8934
Initialize mono
Mono path[0] = 'C:/Program Files/Unity/Hub/Editor/2020.2.4f1/Editor/Data/Managed'
Mono path[1] = 'C:/Program Files/Unity/Hub/Editor/2020.2.4f1/Editor/Data/MonoBleedingEdge/lib/mono/unityjit'
Mono config path = 'C:/Program Files/Unity/Hub/Editor/2020.2.4f1/Editor/Data/MonoBleedingEdge/etc'
Using monoOptions --debugger-agent=transport=dt_socket,embedding=1,server=y,suspend=n,address=127.0.0.1:56700
Begin MonoManager ReloadAssembly
Registering precompiled unity dll's ...
Register platform support module: C:/Program Files/Unity/Hub/Editor/2020.2.4f1/Editor/Data/PlaybackEngines/WindowsStandaloneSupport/UnityEditor.WindowsStandalone.Extensions.dll
Registered in 0.002336 seconds.
Native extension for WindowsStandalone target not found
Refreshing native plugins compatible for Editor in 19.81 ms, found 0 plugins.
Preloading 0 native plugins for Editor in 0.00 ms.
Invoked RoslynAnalysisRunner static constructor.
RoslynAnalysisRunner will not be running.
RoslynAnalysisRunner has terminated.
Mono: successfully reloaded assembly
- Completed reload, in  1.038 seconds
Platform modules already initialized, skipping
Registering precompiled user dll's ...
Registered in 0.000912 seconds.
Begin MonoManager ReloadAssembly
Native extension for WindowsStandalone target not found
Refreshing native plugins compatible for Editor in 0.19 ms, found 0 plugins.
Preloading 0 native plugins for Editor in 0.00 ms.
Invoked RoslynAnalysisRunner static constructor.
RoslynAnalysisRunner will not be running.
RoslynAnalysisRunner has terminated.
Mono: successfully reloaded assembly
- Completed reload, in  0.767 seconds
Platform modules already initialized, skipping
========================================================================
Worker process is ready to serve import requests
Launched and connected shader compiler UnityShaderCompiler.exe after 0.05 seconds
Refreshing native plugins compatible for Editor in 0.28 ms, found 0 plugins.
Preloading 0 native plugins for Editor in 0.00 ms.
Unloading 1078 Unused Serialized files (Serialized files now loaded: 0)
System memory in use before: 55.8 MB.
System memory in use after: 55.9 MB.

Unloading 9 unused Assets to reduce memory usage. Loaded Objects now: 1520.
Total: 1.582000 ms (FindLiveObjects: 0.134100 ms CreateObjectMapping: 0.036500 ms MarkObjects: 1.353200 ms  DeleteObjects: 0.057200 ms)

========================================================================
Received Import Request.
  path: Assets/Scripts
  artifactKey: Guid(907fbe975897b9848959405a6a05bd34) Importer(815301076,1909f56bfc062723c751e8b465ee728b)
Start importing Assets/Scripts using Guid(907fbe975897b9848959405a6a05bd34) Importer(815301076,1909f56bfc062723c751e8b465ee728b)  -> (artifact id: 'a4089d39d20c4b4cf14c17f0b703e702') in 0.004815 seconds
  Import took 0.006568 seconds .

========================================================================
Received Import Request.
  Time since last request: 7.569356 seconds.
  path: Assets/Scripts/Test.cs
  artifactKey: Guid(1b548d5afe311734eb3ce50651010275) Importer(815301076,1909f56bfc062723c751e8b465ee728b)
Start importing Assets/Scripts/Test.cs using Guid(1b548d5afe311734eb3ce50651010275) Importer(815301076,1909f56bfc062723c751e8b465ee728b)  -> (artifact id: 'c57967ee145fafeed386e76a3ceb26c3') in 0.031889 seconds
  Import took 0.034131 seconds .

========================================================================
Received Prepare
Registering precompiled user dll's ...
Registered in 0.000641 seconds.
Begin MonoManager ReloadAssembly
Native extension for WindowsStandalone target not found
Refreshing native plugins compatible for Editor in 0.18 ms, found 0 plugins.
Preloading 0 native plugins for Editor in 0.00 ms.
Invoked RoslynAnalysisRunner static constructor.
RoslynAnalysisRunner will not be running.
RoslynAnalysisRunner has terminated.
Mono: successfully reloaded assembly
- Completed reload, in  0.707 seconds
Platform modules already initialized, skipping
Refreshing native plugins compatible for Editor in 0.21 ms, found 0 plugins.
Preloading 0 native plugins for Editor in 0.00 ms.
Unloading 1073 Unused Serialized files (Serialized files now loaded: 0)
System memory in use before: 55.7 MB.
System memory in use after: 55.8 MB.

Unloading 4 unused Assets to reduce memory usage. Loaded Objects now: 1523.
Total: 2.628600 ms (FindLiveObjects: 0.190800 ms CreateObjectMapping: 0.059600 ms MarkObjects: 2.350800 ms  DeleteObjects: 0.025900 ms)

========================================================================
Received Prepare
Registering precompiled user dll's ...
Registered in 0.000679 seconds.
Begin MonoManager ReloadAssembly
Native extension for WindowsStandalone target not found
Refreshing native plugins compatible for Editor in 0.19 ms, found 0 plugins.
Preloading 0 native plugins for Editor in 0.00 ms.
Invoked RoslynAnalysisRunner static constructor.
RoslynAnalysisRunner will not be running.
RoslynAnalysisRunner has terminated.
Mono: successfully reloaded assembly
- Completed reload, in  0.711 seconds
Platform modules already initialized, skipping
Refreshing native plugins compatible for Editor in 0.20 ms, found 0 plugins.
Preloading 0 native plugins for Editor in 0.00 ms.
Unloading 1073 Unused Serialized files (Serialized files now loaded: 0)
System memory in use before: 55.7 MB.
System memory in use after: 55.8 MB.

Unloading 4 unused Assets to reduce memory usage. Loaded Objects now: 1525.
Total: 1.639700 ms (FindLiveObjects: 0.131700 ms CreateObjectMapping: 0.031200 ms MarkObjects: 1.458500 ms  DeleteObjects: 0.017200 ms)

========================================================================
Received Import Request.
  Time since last request: 86.242120 seconds.
  path: Assets/Scripts/Test.cs
  artifactKey: Guid(1b548d5afe311734eb3ce50651010275) Importer(815301076,1909f56bfc062723c751e8b465ee728b)
Start importing Assets/Scripts/Test.cs using Guid(1b548d5afe311734eb3ce50651010275) Importer(815301076,1909f56bfc062723c751e8b465ee728b)  -> (artifact id: '906b6aff1dff11426f9ff032e0f03cb6') in 0.004074 seconds
  Import took 0.005693 seconds .

========================================================================
Received Import Request.
  Time since last request: 4768.022085 seconds.
  path: Assets/Scenes/Week4Scene.scenetemplate
  artifactKey: Guid(59c6a4fc02e755f429d7cce08aa4c51a) Importer(815301076,1909f56bfc062723c751e8b465ee728b)
Start importing Assets/Scenes/Week4Scene.scenetemplate using Guid(59c6a4fc02e755f429d7cce08aa4c51a) Importer(815301076,1909f56bfc062723c751e8b465ee728b)  -> (artifact id: 'eda3c981a211a09b04eb068407d3b3d6') in 0.034115 seconds
  Import took 0.036248 seconds .

========================================================================
Received Import Request.
  Time since last request: 0.030367 seconds.
  path: Assets/Scenes/Week4Scene.scenetemplate
  artifactKey: Guid(59c6a4fc02e755f429d7cce08aa4c51a) Importer(815301076,1909f56bfc062723c751e8b465ee728b)
Start importing Assets/Scenes/Week4Scene.scenetemplate using Guid(59c6a4fc02e755f429d7cce08aa4c51a) Importer(815301076,1909f56bfc062723c751e8b465ee728b)  -> (artifact id: 'eda3c981a211a09b04eb068407d3b3d6') in 0.005322 seconds
  Import took 0.007241 seconds .

========================================================================
Received Import Request.
  Time since last request: 13.634284 seconds.
  path: Assets/Scenes/Week4Scene.unity
  artifactKey: Guid(b725256cb029d45cf99d07026e380c22) Importer(815301076,1909f56bfc062723c751e8b465ee728b)
Start importing Assets/Scenes/Week4Scene.unity using Guid(b725256cb029d45cf99d07026e380c22) Importer(815301076,1909f56bfc062723c751e8b465ee728b)  -> (artifact id: '3d72d384f7216fb8df89531887f94de8') in 0.003762 seconds
  Import took 0.005759 seconds .

========================================================================
Received Import Request.
  Time since last request: 0.001893 seconds.
  path: Assets/Scenes/Week4Scene.unity
  artifactKey: Guid(b725256cb029d45cf99d07026e380c22) Importer(815301076,1909f56bfc062723c751e8b465ee728b)
Start importing Assets/Scenes/Week4Scene.unity using Guid(b725256cb029d45cf99d07026e380c22) Importer(815301076,1909f56bfc062723c751e8b465ee728b)  -> (artifact id: '3d72d384f7216fb8df89531887f94de8') in 0.003317 seconds
  Import took 0.005440 seconds .

AssetImportWorkerClient::OnTransportError - code=2 error=End of file
